-------------load env-------------
anaconda_path=#D:\software\computer\Anaconda
anaconda_path=E:\anaconda
conda_env_name=activate scene_learning_1
code_base_path=#G:\workspace\majun\code\SuperAI
code_base_path=F:\workspace\majun\zhiyuanchuang_space\ai_code\superai\SuperAI
-------------load env-------------
-------------load env-------------
anaconda_path=#D:\software\computer\Anaconda
anaconda_path=E:\anaconda
conda_env_name=activate scene_learning_1
code_base_path=#G:\workspace\majun\code\SuperAI
code_base_path=F:\workspace\majun\zhiyuanchuang_space\ai_code\superai\SuperAI
-------------load env-------------
-------------load env-------------
anaconda_path=#D:\software\computer\Anaconda
anaconda_path=E:\anaconda
conda_env_name=activate scene_learning_1
code_base_path=#G:\workspace\majun\code\SuperAI
code_base_path=F:\workspace\majun\zhiyuanchuang_space\ai_code\superai\SuperAI
-------------load env-------------
-------------load env-------------
anaconda_path=#D:\software\computer\Anaconda
anaconda_path=E:\anaconda
conda_env_name=activate scene_learning_1
code_base_path=#G:\workspace\majun\code\SuperAI
code_base_path=F:\workspace\majun\zhiyuanchuang_space\ai_code\superai\SuperAI
-------------load env-------------
-------------load env-------------
anaconda_path=#D:\software\computer\Anaconda
anaconda_path=E:\anaconda
conda_env_name=activate scene_learning_1
code_base_path=#G:\workspace\majun\code\SuperAI
code_base_path=F:\workspace\majun\zhiyuanchuang_space\ai_code\superai\SuperAI
-------------load env-------------
-------------load env-------------
anaconda_path=#D:\software\computer\Anaconda
anaconda_path=E:\anaconda
conda_env_name=activate scene_learning_1
code_base_path=#G:\workspace\majun\code\SuperAI
code_base_path=F:\workspace\majun\zhiyuanchuang_space\ai_code\superai\SuperAI
-------------load env-------------
-------------load env-------------
anaconda_path=#D:\software\computer\Anaconda
anaconda_path=E:\anaconda
conda_env_name=activate scene_learning_1
code_base_path=#G:\workspace\majun\code\SuperAI
code_base_path=F:\workspace\majun\zhiyuanchuang_space\ai_code\superai\SuperAI
-------------load env-------------
-------------load env-------------
anaconda_path=#D:\software\computer\Anaconda
anaconda_path=E:\anaconda
conda_env_name=activate scene_learning_1
code_base_path=#G:\workspace\majun\code\SuperAI
code_base_path=F:\workspace\majun\zhiyuanchuang_space\ai_code\superai\SuperAI
-------------load env-------------
-------------load env-------------
anaconda_path=#D:\software\computer\Anaconda
anaconda_path=E:\anaconda
conda_env_name=activate scene_learning_1
code_base_path=#G:\workspace\majun\code\SuperAI
code_base_path=F:\workspace\majun\zhiyuanchuang_space\ai_code\superai\SuperAI
-------------load env-------------
-------------load env-------------
anaconda_path=#D:\software\computer\Anaconda
anaconda_path=E:\anaconda
conda_env_name=activate scene_learning_1
code_base_path=#G:\workspace\majun\code\SuperAI
code_base_path=F:\workspace\majun\zhiyuanchuang_space\ai_code\superai\SuperAI
-------------load env-------------
-------------load env-------------
anaconda_path=#D:\software\computer\Anaconda
anaconda_path=E:\anaconda
conda_env_name=activate scene_learning_1
code_base_path=#G:\workspace\majun\code\SuperAI
code_base_path=F:\workspace\majun\zhiyuanchuang_space\ai_code\superai\SuperAI
-------------load env-------------
-------------load env-------------
anaconda_path=#D:\software\computer\Anaconda
anaconda_path=E:\anaconda
conda_env_name=activate scene_learning_1
code_base_path=#G:\workspace\majun\code\SuperAI
code_base_path=F:\workspace\majun\zhiyuanchuang_space\ai_code\superai\SuperAI
-------------load env-------------
