-------------load env-------------
anaconda_path=G:\anaconda
conda_env_name=scene_learning_1
code_base_path=F:\majun\code\SuperAI
-------------load env-------------
-------------load env-------------
anaconda_path=D:\software\computer\Anaconda
conda_env_name=scene_learning_1
code_base_path=D:\ai_space\code\superai
-------------load env-------------
-------------load env-------------
anaconda_path=G:\anaconda
conda_env_name=scene_learning_1
code_base_path=D:\ai_space\code\superai
-------------load env-------------
-------------load env-------------
anaconda_path=G:\anaconda
conda_env_name=scene_learning_1
code_base_path=D:\ai_space\code\superai
-------------load env-------------
-------------load env-------------
anaconda_path=G:\anaconda
conda_env_name=scene_learning_1
code_base_path=D:\ai_space\code\superai
-------------load env-------------
-------------load env-------------
anaconda_path=G:\anaconda
conda_env_name=scene_learning_1
code_base_path=D:\ai_space\code\superai
-------------load env-------------
-------------load env-------------
anaconda_path=G:\anaconda
conda_env_name=scene_learning_1
code_base_path=D:\ai_space\code\superai
-------------load env-------------
